177 - B8C822                             detenido   'Avenida Jojoba, Villa El Salvador, Lima, Peru'
183 - B8B947                             detenido   'Avenida Jojoba, Villa El Salvador, Lima, Peru'
321 - D7S859 - TOKIO                             detenido   'Calle 14, Pachacamac, Lima, Peru'
1040 - F8E801                             detenido   'Calle Bartolom\u00e9 Ferreyros, Independencia, Lima, Peru'
1048 - ABV719                             detenido   'Avenida Jojoba, Villa El Salvador, Lima, Peru'
1056 - ABG890                             detenido   'Avenida Jojoba, Villa El Salvador, Lima, Peru'
861230045000156 - MIDA                             apagado   No hay Direccion.....
861230045001501 - MIDA                             apagado   No hay Direccion.....
861230045002293 - MIDA                             apagado   No hay Direccion.....
862462031461030                             detenido   'Calle F\u00e1tima, Callao, Peru'
862462033586800rev                             detenido   'Avenida C\u00e9sar Vallejo 225, Lince, Lima 15073, Peru'
862462033696716                             apagado   No hay Direccion.....
863003042026831                             detenido   'Calle Francia, Callao, Peru'
863003042041673                             apagado   No hay Direccion.....
863003042161463                             apagado   No hay Direccion.....
865851037807401                             apagado   No hay Direccion.....
866191030878870                             detenido   'Avenida C\u00e9sar Vallejo 225, Lince, Lima 15073, Peru'
866191035848894                             detenido   'Avenida Argentina, Callao, Peru'
867481035234214-ver                             apagado   No hay Direccion.....
867688031277522                             detenido   'Avenida Gral. Trinidad Mor\u00e1n 250, Lince, Lima 15073, Peru'
867688032279949                             detenido   'Avenida Gral. Trinidad Mor\u00e1n 225, Lince, Lima 15073, Peru'
867688032997052                             detenido   'Calle Francia, Callao, Peru'
177 - B8C822                             detenido                     Avenida Jojoba, Villa El Salvador, Lima, Peru
183 - B8B947                             detenido                     Avenida Jojoba, Villa El Salvador, Lima, Peru
321 - D7S859 - TOKIO                             detenido                     Calle 14, Pachacamac, Lima, Peru
1040 - F8E801                             detenido                     Calle Bartolom\u00e9 Ferreyros, Independencia, Lima, Peru
1048 - ABV719                             detenido                     Avenida Jojoba, Villa El Salvador, Lima, Peru
1056 - ABG890                             detenido                     Avenida Jojoba, Villa El Salvador, Lima, Peru
861230045000156 - MIDA                             apagado                     o hay Direccion....
861230045001501 - MIDA                             apagado                     o hay Direccion....
861230045002293 - MIDA                             apagado                     o hay Direccion....
862462031461030                             detenido                     Calle F\u00e1tima, Callao, Peru
862462033586800rev                             detenido                     Avenida C\u00e9sar Vallejo 225, Lince, Lima 15073, Peru
862462033696716                             apagado                     o hay Direccion....
863003042026831                             detenido                     Calle Francia, Callao, Peru
863003042041673                             apagado                     o hay Direccion....
863003042161463                             apagado                     o hay Direccion....
865851037807401                             apagado                     o hay Direccion....
866191030878870                             detenido                     Avenida C\u00e9sar Vallejo 225, Lince, Lima 15073, Peru
866191035848894                             detenido                     Avenida Argentina, Callao, Peru
867481035234214-ver                             apagado                     o hay Direccion....
867688031277522                             detenido                     Avenida Gral. Trinidad Mor\u00e1n 250, Lince, Lima 15073, Peru
867688032279949                             detenido                     Avenida Gral. Trinidad Mor\u00e1n 225, Lince, Lima 15073, Peru
867688032997052                             detenido                     Calle Francia, Callao, Peru
177 - B8C822                             detenido                     "['Avenida Jojoba, Villa El Salvador, Lima, Peru']"
183 - B8B947                             detenido                     "['Avenida Jojoba, Villa El Salvador, Lima, Peru']"
321 - D7S859 - TOKIO                             detenido                     "['Calle 14, Pachacamac, Lima, Peru']"
1040 - F8E801                             detenido                     "['Calle Bartolom\u00e9 Ferreyros, Independencia, Lima, Peru']"
1048 - ABV719                             detenido                     "['Avenida Jojoba, Villa El Salvador, Lima, Peru']"
1056 - ABG890                             detenido                     "['Avenida Jojoba, Villa El Salvador, Lima, Peru']"
861230045000156 - MIDA                             apagado                     " No hay Direccion......"
861230045001501 - MIDA                             apagado                     " No hay Direccion......"
861230045002293 - MIDA                             apagado                     " No hay Direccion......"
862462031461030                             detenido                     "['Calle F\u00e1tima, Callao, Peru']"
862462033586800rev                             detenido                     "['Avenida C\u00e9sar Vallejo 225, Lince, Lima 15073, Peru']"
862462033696716                             apagado                     " No hay Direccion......"
863003042026831                             detenido                     "['Calle Francia, Callao, Peru']"
863003042041673                             apagado                     " No hay Direccion......"
863003042161463                             apagado                     " No hay Direccion......"
865851037807401                             apagado                     " No hay Direccion......"
866191030878870                             detenido                     "['Avenida C\u00e9sar Vallejo 225, Lince, Lima 15073, Peru']"
866191035848894                             detenido                     "['Avenida Argentina, Callao, Peru']"
867481035234214-ver                             apagado                     " No hay Direccion......"
177 - B8C822                             detenido                     
183 - B8B947                             detenido                     
321 - D7S859 - TOKIO                             detenido                     
177 - B8C822                             detenido                     
183 - B8B947                             detenido                     
177 - B8C822                             detenido                     
183 - B8B947                             detenido                     
321 - D7S859 - TOKIO                             detenido                     
177 - B8C822                             detenido              Avenida Jojoba, Villa El Salvador, Lima, Peru
183 - B8B947                             detenido              Avenida Jojoba, Villa El Salvador, Lima, Peru
321 - D7S859 - TOKIO                             detenido              Calle 14, Pachacamac, Lima, Peru
1040 - F8E801                             detenido              Avenida El Pacífico 165, Independencia, Lima 15311, Peru
1048 - ABV719                             detenido              Avenida Jojoba, Villa El Salvador, Lima, Peru
1056 - ABG890                             detenido              Avenida Jojoba, Villa El Salvador, Lima, Peru
861230045000156 - MIDA                             apagado               
861230045001501 - MIDA                             apagado               
861230045002293 - MIDA                             apagado               
862462031461030                             detenido              Calle Fátima, Callao, Peru
862462033586800rev                             detenido              Avenida César Vallejo 225, Lince, Lima 15073, Peru
862462033696716                             apagado               
863003042026831                             detenido              Calle Francia, Callao, Peru
863003042041673                             apagado               
863003042161463                             apagado               
865851037807401                             apagado               
866191030878870                             detenido              Avenida César Vallejo 225, Lince, Lima 15073, Peru
866191035848894                             detenido              Avenida Alameda, Callao, Peru
867481035234214-ver                             apagado               
867688031277522                             detenido              Avenida Gral. Trinidad Morán 250, Lince, Lima 15073, Peru
177 - B8C822, detenido, Avenida Jojoba, Villa El Salvador, Lima, Peru
183 - B8B947, detenido, Avenida Jojoba, Villa El Salvador, Lima, Peru
321 - D7S859 - TOKIO, detenido, Calle 14, Pachacamac, Lima, Peru
1040 - F8E801, detenido, Avenida El Pacífico 165, Independencia, Lima 15311, Peru
1048 - ABV719, detenido, Avenida Jojoba, Villa El Salvador, Lima, Peru
1056 - ABG890, detenido, Avenida Jojoba, Villa El Salvador, Lima, Peru
861230045000156 - MIDA, apagado,  No hay Direccion......
861230045001501 - MIDA, apagado,  No hay Direccion......
861230045002293 - MIDA, apagado,  No hay Direccion......
862462031461030, detenido, Calle Fátima, Callao, Peru
862462033586800rev, detenido, Avenida César Vallejo 225, Lince, Lima 15073, Peru
862462033696716, apagado,  No hay Direccion......
863003042026831, detenido, Calle Francia, Callao, Peru
863003042041673, apagado,  No hay Direccion......
863003042161463, apagado,  No hay Direccion......
865851037807401, apagado,  No hay Direccion......
866191030878870, detenido, Avenida César Vallejo 225, Lince, Lima 15073, Peru
866191035848894, detenido, Avenida Elmer Faucett, Callao, Peru
867481035234214-ver, apagado,  No hay Direccion......
