177 - B8C822
183 - B8B947
321 - D7S859 - TOKIO
1040 - F8E801
1048 - ABV719
1056 - ABG890
861230045000156 - MIDA
861230045001501 - MIDA
861230045002293 - MIDA
862462031461030
862462033586800rev
862462033696716
863003042026831
863003042041673
863003042161463
865851037807401
865851039124557
866191030878870
866191035848894
867481035234214-ver
867688030947489
867688031277522
867688032279949
867688032997052
867688036637373
867688036754616
867688038862854revig
867688039334622
867688039350040
867688039356641
867688039359694
867688039364124
867688039823699
ABC831 - ZTS
ABP979 CARRETA - BG
AJW748 - ZTS
AV_Nano
B3Y771
B_3GL00313
BEACON_TEST_1
BEACON_TEST_2
JJPRUEBAS
MIDA
RY pruebas
V7Y849 - ZTS
VAT835 - TCDL
Se envio Trama Nombre     -    
177 - B8C822
183 - B8B947
321 - D7S859 - TOKIO
1040 - F8E801
1048 - ABV719
1056 - ABG890
861230045000156 - MIDA
861230045001501 - MIDA
861230045002293 - MIDA
862462031461030
862462033586800rev
862462033696716
863003042026831
863003042041673
863003042161463
865851037807401
865851039124557
866191030878870
866191035848894
867481035234214-ver
867688030947489
867688031277522
867688032279949
867688032997052
867688036637373
867688036754616
867688038862854revig
867688039334622
867688039350040
867688039356641
867688039359694
867688039364124
867688039823699
ABC831 - ZTS
ABP979 CARRETA - BG
AJW748 - ZTS
AV_Nano
B3Y771
B_3GL00313
BEACON_TEST_1
BEACON_TEST_2
JJPRUEBAS
MIDA
RY pruebas
V7Y849 - ZTS
VAT835 - TCDL
Se envio Trama Nombre     -    
177 - B8C822
183 - B8B947
321 - D7S859 - TOKIO
1040 - F8E801
1048 - ABV719
1056 - ABG890
861230045000156 - MIDA
861230045001501 - MIDA
861230045002293 - MIDA
862462031461030
862462033586800rev
862462033696716
863003042026831
863003042041673
863003042161463
865851037807401
865851039124557
866191030878870
866191035848894
867481035234214-ver
867688030947489
867688031277522
867688032279949
867688032997052
867688036637373
867688036754616
867688038862854revig
867688039334622
867688039350040
867688039356641
867688039359694
867688039364124
867688039823699
ABC831 - ZTS
ABP979 CARRETA - BG
AJW748 - ZTS
AV_Nano
B3Y771
B_3GL00313
BEACON_TEST_1
BEACON_TEST_2
JJPRUEBAS
MIDA
RY pruebas
V7Y849 - ZTS
VAT835 - TCDL
Se envio Trama Nombre     -    
177 - B8C822
183 - B8B947
321 - D7S859 - TOKIO
1040 - F8E801
1048 - ABV719
1056 - ABG890
861230045000156 - MIDA
861230045001501 - MIDA
861230045002293 - MIDA
862462031461030
862462033586800rev
862462033696716
863003042026831
863003042041673
863003042161463
865851037807401
865851039124557
866191030878870
866191035848894
867481035234214-ver
867688030947489
867688031277522
867688032279949
867688032997052
867688036637373
867688036754616
867688038862854revig
867688039334622
867688039350040
867688039356641
867688039359694
867688039364124
867688039823699
ABC831 - ZTS
ABP979 CARRETA - BG
AJW748 - ZTS
AV_Nano
B3Y771
B_3GL00313
BEACON_TEST_1
BEACON_TEST_2
JJPRUEBAS
MIDA
RY pruebas
V7Y849 - ZTS
VAT835 - TCDL
Se envio Trama Nombre     -    
177 - B8C822
183 - B8B947
321 - D7S859 - TOKIO
1040 - F8E801
1048 - ABV719
1056 - ABG890
861230045000156 - MIDA
861230045001501 - MIDA
861230045002293 - MIDA
862462031461030
862462033586800rev
862462033696716
863003042026831
863003042041673
863003042161463
865851037807401
865851039124557
866191030878870
866191035848894
867481035234214-ver
867688030947489
867688031277522
867688032279949
867688032997052
867688036637373
867688036754616
867688038862854revig
867688039334622
867688039350040
867688039356641
867688039359694
867688039364124
867688039823699
ABC831 - ZTS
ABP979 CARRETA - BG
AJW748 - ZTS
AV_Nano
B3Y771
B_3GL00313
BEACON_TEST_1
BEACON_TEST_2
JJPRUEBAS
MIDA
RY pruebas
V7Y849 - ZTS
VAT835 - TCDL
Se envio Trama Nombre     -    
177 - B8C822
183 - B8B947
321 - D7S859 - TOKIO
1040 - F8E801
1048 - ABV719
1056 - ABG890
861230045000156 - MIDA
861230045001501 - MIDA
861230045002293 - MIDA
862462031461030
862462033586800rev
862462033696716
863003042026831
863003042041673
863003042161463
865851037807401
865851039124557
866191030878870
866191035848894
867481035234214-ver
867688030947489
867688031277522
867688032279949
867688032997052
867688036637373
867688036754616
867688038862854revig
867688039334622
867688039350040
867688039356641
867688039359694
867688039364124
867688039823699
ABC831 - ZTS
ABP979 CARRETA - BG
AJW748 - ZTS
AV_Nano
B3Y771
B_3GL00313
BEACON_TEST_1
BEACON_TEST_2
JJPRUEBAS
MIDA
RY pruebas
V7Y849 - ZTS
VAT835 - TCDL
Se envio Trama Nombre     -    
177 - B8C822
183 - B8B947
321 - D7S859 - TOKIO
1040 - F8E801
1048 - ABV719
1056 - ABG890
861230045000156 - MIDA
861230045001501 - MIDA
861230045002293 - MIDA
862462031461030
862462033586800rev
862462033696716
863003042026831
863003042041673
863003042161463
865851037807401
865851039124557
866191030878870
866191035848894
867481035234214-ver
867688030947489
867688031277522
867688032279949
867688032997052
867688036637373
867688036754616
867688038862854revig
867688039334622
867688039350040
867688039356641
867688039359694
867688039364124
867688039823699
ABC831 - ZTS
ABP979 CARRETA - BG
AJW748 - ZTS
AV_Nano
B3Y771
B_3GL00313
BEACON_TEST_1
BEACON_TEST_2
JJPRUEBAS
MIDA
RY pruebas
V7Y849 - ZTS
VAT835 - TCDL
 LATITUD          -     LONGITUD   
-76.9712371826
-76.9711227417
-76.7308349609
-77.0524520874
-76.9718780518
-76.9712600708
177 - B8C822
183 - B8B947
321 - D7S859 - TOKIO
1040 - F8E801
1048 - ABV719
1056 - ABG890
861230045000156 - MIDA
861230045001501 - MIDA
861230045002293 - MIDA
862462031461030
862462033586800rev
862462033696716
863003042026831
863003042041673
863003042161463
865851037807401
865851039124557
866191030878870
866191035848894
867481035234214-ver
867688030947489
867688031277522
867688032279949
867688032997052
867688036637373
867688036754616
867688038862854revig
867688039334622
867688039350040
867688039356641
867688039359694
867688039364124
867688039823699
ABC831 - ZTS
ABP979 CARRETA - BG
AJW748 - ZTS
AV_Nano
B3Y771
B_3GL00313
BEACON_TEST_1
BEACON_TEST_2
JJPRUEBAS
MIDA
RY pruebas
V7Y849 - ZTS
VAT835 - TCDL
 LATITUD          -     LONGITUD   
177 - B8C822
183 - B8B947
321 - D7S859 - TOKIO
1040 - F8E801
1048 - ABV719
1056 - ABG890
861230045000156 - MIDA
861230045001501 - MIDA
861230045002293 - MIDA
862462031461030
862462033586800rev
862462033696716
863003042026831
863003042041673
863003042161463
865851037807401
865851039124557
866191030878870
866191035848894
867481035234214-ver
867688030947489
867688031277522
867688032279949
867688032997052
867688036637373
867688036754616
867688038862854revig
867688039334622
867688039350040
867688039356641
867688039359694
867688039364124
867688039823699
ABC831 - ZTS
ABP979 CARRETA - BG
AJW748 - ZTS
AV_Nano
B3Y771
B_3GL00313
BEACON_TEST_1
BEACON_TEST_2
JJPRUEBAS
MIDA
RY pruebas
V7Y849 - ZTS
VAT835 - TCDL
 LATITUD          -     LONGITUD   
2
2
2
2
2
2
2
2
2
2
2
2
2
2
2
2
2
2
2
2
2
2
2
2
2
2
2
2
2
2
2
2
2
2
2
2
2
2
2
2
2
2
2
2
2
2
 LATITUD          -     LONGITUD   
2
2
2
2
2
2
2
2
2
2
2
2
2
2
2
2
2
2
2
2
2
2
2
2
2
2
2
2
2
2
2
2
2
2
2
2
2
2
2
2
2
2
2
2
2
2
 LATITUD          -     LONGITUD   
 LATITUD          -     LONGITUD   
 LATITUD          -     LONGITUD   
 LATITUD          -     LONGITUD   
 LATITUD          -     LONGITUD   
 LATITUD          -     LONGITUD   
